2022-07-25T09:26:39+00:00 CRITICAL require_once(): Failed opening required '/home/coffeeno/public_html/jumiastore/wordpress/wp-content/plugins/meta-box/inc/fields/file.php' (include_path='/home/coffeeno/public_html/jumiastore/wordpress/wp-content/plugins/kirki/:/home/coffeeno/public_html/jumiastore/wordpress/wp-content/plugins/kirki/core:.:/opt/alt/php74/usr/share/pear') in /home/coffeeno/public_html/jumiastore/wordpress/wp-content/plugins/meta-box/inc/autoloader.php on line 75

2022-07-25T09:26:39+00:00 CRITICAL require(): Failed opening required '/home/coffeeno/public_html/jumiastore/wordpress/wp-content/plugins/woocommerce/packages/woocommerce-blocks/src/BlockTypes/ProductCategories.php' (include_path='/home/coffeeno/public_html/jumiastore/wordpress/wp-content/plugins/kirki/:/home/coffeeno/public_html/jumiastore/wordpress/wp-content/plugins/kirki/core:.:/opt/alt/php74/usr/share/pear') in /home/coffeeno/public_html/jumiastore/wordpress/wp-content/plugins/woocommerce/vendor/jetpack-autoloader/class-php-autoloader.php on line 87

2022-07-25T09:43:08+00:00 CRITICAL require(): Failed opening required '/home/coffeeno/public_html/jumiastore/wordpress/wp-content/plugins/woocommerce/includes/rest-api/Controllers/Version1/class-wc-rest-reports-v1-controller.php' (include_path='/home/coffeeno/public_html/jumiastore/wordpress/wp-content/plugins/kirki/:/home/coffeeno/public_html/jumiastore/wordpress/wp-content/plugins/kirki/core:.:/opt/alt/php74/usr/share/pear') in /home/coffeeno/public_html/jumiastore/wordpress/wp-content/plugins/woocommerce/vendor/jetpack-autoloader/class-php-autoloader.php on line 87

2022-07-25T09:43:08+00:00 CRITICAL require(): Failed opening required '/home/coffeeno/public_html/jumiastore/wordpress/wp-content/plugins/woocommerce/packages/woocommerce-blocks/src/BlockTypes/ProductsByAttribute.php' (include_path='/home/coffeeno/public_html/jumiastore/wordpress/wp-content/plugins/kirki/:/home/coffeeno/public_html/jumiastore/wordpress/wp-content/plugins/kirki/core:.:/opt/alt/php74/usr/share/pear') in /home/coffeeno/public_html/jumiastore/wordpress/wp-content/plugins/woocommerce/vendor/jetpack-autoloader/class-php-autoloader.php on line 87

2022-07-25T09:43:08+00:00 CRITICAL Uncaught Error: Class 'ElementorPro\Modules\ThemeBuilder\Conditions\Post_Type_Archive' not found in /home/coffeeno/public_html/jumiastore/wordpress/wp-content/plugins/elementor-pro/modules/theme-builder/conditions/archive.php:46
Stack trace:
#0 /home/coffeeno/public_html/jumiastore/wordpress/wp-content/plugins/elementor-pro/modules/theme-builder/conditions/condition-base.php(66): ElementorPro\Modules\ThemeBuilder\Conditions\Archive->register_sub_conditions()
#1 /home/coffeeno/public_html/jumiastore/wordpress/wp-content/plugins/elementor-pro/modules/theme-builder/classes/conditions-manager.php(181): ElementorPro\Modules\ThemeBuilder\Conditions\Condition_Base->__construct(Array)
#2 /home/coffeeno/public_html/jumiastore/wordpress/wp-content/plugins/elementor-pro/modules/theme-builder/classes/conditions-manager.php(192): ElementorPro\Modules\ThemeBuilder\Classes\Conditions_Manager->register_condition('archive', Array)
#3 /home/coffeeno/public_html/jumiastore/wordpress/wp-content/plugins/elementor-pro/modules/them in /home/coffeeno/public_html/jumiastore/wordpress/wp-content/plugins/elementor-pro/modules/theme-builder/conditions/archive.php on line 46

2022-07-25T09:46:14+00:00 CRITICAL require_once(): Failed opening required '/home/coffeeno/public_html/jumiastore/wordpress/wp-content/plugins/woocommerce-payments/vendor/woocommerce/subscriptions-core/includes/emails/class-wcs-email-cancelled-subscription.php' (include_path='/home/coffeeno/public_html/jumiastore/wordpress/wp-content/plugins/kirki/:/home/coffeeno/public_html/jumiastore/wordpress/wp-content/plugins/kirki/core:.:/opt/alt/php74/usr/share/pear') in /home/coffeeno/public_html/jumiastore/wordpress/wp-content/plugins/woocommerce-payments/vendor/woocommerce/subscriptions-core/includes/class-wcs-core-autoloader.php on line 70

2022-07-25T09:47:01+00:00 CRITICAL require(): Failed opening required '/home/coffeeno/public_html/jumiastore/wordpress/wp-content/plugins/elementor/modules/container-converter/module.php' (include_path='/home/coffeeno/public_html/jumiastore/wordpress/wp-content/plugins/kirki/:/home/coffeeno/public_html/jumiastore/wordpress/wp-content/plugins/kirki/core:.:/opt/alt/php74/usr/share/pear') in /home/coffeeno/public_html/jumiastore/wordpress/wp-content/plugins/elementor/includes/autoloader.php on line 266

2022-07-25T09:47:32+00:00 CRITICAL require_once(): Failed opening required '/home/coffeeno/public_html/jumiastore/wordpress/wp-content/plugins/woocommerce/includes/integrations/maxmind-geolocation/class-wc-integration-maxmind-database-service.php' (include_path='/home/coffeeno/public_html/jumiastore/wordpress/wp-content/plugins/kirki/:/home/coffeeno/public_html/jumiastore/wordpress/wp-content/plugins/kirki/core:.:/opt/alt/php74/usr/share/pear') in /home/coffeeno/public_html/jumiastore/wordpress/wp-content/plugins/woocommerce/includes/integrations/maxmind-geolocation/class-wc-integration-maxmind-geolocation.php on line 11

2022-07-25T09:47:32+00:00 CRITICAL require_once(): Failed opening required '/home/coffeeno/public_html/jumiastore/wordpress/wp-content/plugins/woocommerce-payments/vendor/woocommerce/subscriptions-core/includes/gateways/class-wc-subscriptions-core-payment-gateways.php' (include_path='/home/coffeeno/public_html/jumiastore/wordpress/wp-content/plugins/kirki/:/home/coffeeno/public_html/jumiastore/wordpress/wp-content/plugins/kirki/core:.:/opt/alt/php74/usr/share/pear') in /home/coffeeno/public_html/jumiastore/wordpress/wp-content/plugins/woocommerce-payments/vendor/woocommerce/subscriptions-core/includes/class-wcs-core-autoloader.php on line 70

2022-07-25T09:47:32+00:00 CRITICAL Uncaught Error: Class 'WC_Integration_MaxMind_Geolocation' not found in /home/coffeeno/public_html/jumiastore/wordpress/wp-content/plugins/woocommerce/includes/class-wc-integrations.php:41
Stack trace:
#0 /home/coffeeno/public_html/jumiastore/wordpress/wp-content/plugins/woocommerce/includes/class-woocommerce.php(642): WC_Integrations->__construct()
#1 /home/coffeeno/public_html/jumiastore/wordpress/wp-includes/class-wp-hook.php(307): WooCommerce->init('')
#2 /home/coffeeno/public_html/jumiastore/wordpress/wp-includes/class-wp-hook.php(331): WP_Hook->apply_filters(NULL, Array)
#3 /home/coffeeno/public_html/jumiastore/wordpress/wp-includes/plugin.php(476): WP_Hook->do_action(Array)
#4 /home/coffeeno/public_html/jumiastore/wordpress/wp-settings.php(598): do_action('init')
#5 /home/coffeeno/public_html/jumiastore/wordpress/wp-config.php(96): require_once('/home/coffeeno/...')
#6 /home/coffeeno/public_html/jumiastore/wordpress/wp-load.php(50): require_once('/home/coffeeno/...')
#7 /home/coffeeno/public_html/jumia in /home/coffeeno/public_html/jumiastore/wordpress/wp-content/plugins/woocommerce/includes/class-wc-integrations.php on line 41

